<?xml version="1.0" encoding="UTF-8"?>
<!-- Generated by org.testng.reporters.JUnitReportReporter -->
<testsuite skipped="0" hostname="WKMIN5492145" name="testAppium.AmazonEvaluationExercise.Test" tests="1" failures="0" timestamp="14 Feb 2019 07:07:36 GMT" time="92.746" errors="0">
  <testcase name="testScenario" time="92.746" classname="testAppium.AmazonEvaluationExercise.Test"/>
</testsuite> <!-- testAppium.AmazonEvaluationExercise.Test -->
