<?xml version="1.0" encoding="UTF-8"?>
<!-- Generated by org.testng.reporters.JUnitReportReporter -->
<testsuite skipped="0" hostname="WKMIN5492145" name="testAppium.AmazonEvaluationExercise.TestClass" tests="1" failures="0" timestamp="22 Feb 2019 06:25:49 GMT" time="101.364" errors="0">
  <testcase name="testAmazon_Android" time="101.364" classname="testAppium.AmazonEvaluationExercise.TestClass"/>
</testsuite> <!-- testAppium.AmazonEvaluationExercise.TestClass -->
