<?xml version="1.0" encoding="UTF-8"?>
<!-- Generated by org.testng.reporters.JUnitReportReporter -->
<testsuite skipped="0" hostname="WKMIN5492145" name="testAppium.AmazonEvaluationExercise.TestClass" tests="1" failures="0" timestamp="20 Feb 2019 11:25:43 GMT" time="105.666" errors="0">
  <testcase name="testScenario" time="105.666" classname="testAppium.AmazonEvaluationExercise.TestClass"/>
</testsuite> <!-- testAppium.AmazonEvaluationExercise.TestClass -->
